<?xml version="1.0" encoding="UTF-8"?>
<!-- Generated by org.testng.reporters.JUnitReportReporter -->
<testsuite hostname="DESKTOP-FKCP2PN" failures="0" tests="3" name="tn.esprit.devops_project.services.ProductServiceTest" time="3.589" errors="0" timestamp="2023-11-08T00:38:24 GMT+01:00" skipped="0">
  <testcase classname="tn.esprit.devops_project.services.ProductServiceTest" name="testRetreiveAllProduct" time="1.192"/>
  <testcase classname="tn.esprit.devops_project.services.ProductServiceTest" name="testAddProduct" time="1.204"/>
  <testcase classname="tn.esprit.devops_project.services.ProductServiceTest" name="testRetrieveProduct" time="1.193"/>
</testsuite> <!-- tn.esprit.devops_project.services.ProductServiceTest -->
